C:\Users\SAMAR\Desktop\a.programs\flower.py
C:\Users\SAMAR\Desktop\a.programs\heart.py
C:\Users\SAMAR\Desktop\a.programs\q11.py
C:\Users\SAMAR\Desktop\a.programs\q10.py
C:\Users\SAMAR\Desktop\a.programs\q9.py
C:\Users\SAMAR\Desktop\a.programs\q8.py
C:\Users\SAMAR\Desktop\a.programs\q7.py
C:\Users\SAMAR\Desktop\a.programs\q6.py
C:\Users\SAMAR\Desktop\a.programs\Q5.py
C:\Users\SAMAR\Desktop\a.programs\q4.py
C:\Users\SAMAR\Desktop\a.programs\q3.py
C:\Users\SAMAR\Desktop\a.programs\q2.py
C:\Users\SAMAR\Desktop\a.programs\q1.py
C:\Users\SAMAR\samar\nth root of a number.py
C:\Users\SAMAR\samar\frequency in listt.py
C:\Users\SAMAR\samar\to count the frequency of element in the list.py
C:\Users\SAMAR\samar\odd or even.py
C:\Users\SAMAR\samar\average of a list.py
C:\Users\SAMAR\AppData\Local\Programs\Python\Python39\10 number list sum.py
C:\Users\SAMAR\AppData\Local\Programs\Python\Python39\fibonaci.py
C:\Users\SAMAR\AppData\Local\Programs\Python\Python39\to count the frequency of an element in a dictionary.py
